mode: set
leaguies_backend/handlers/handler.go:9.43,13.2 1 0
leaguies_backend/handlers/health.go:8.58,12.2 3 0
leaguies_backend/handlers/league.go:12.59,15.61 2 0
leaguies_backend/handlers/league.go:15.61,18.3 2 0
leaguies_backend/handlers/league.go:20.2,25.52 2 0
leaguies_backend/handlers/league.go:25.52,28.3 2 0
leaguies_backend/handlers/league.go:30.2,31.35 2 0
leaguies_backend/handlers/league.go:34.59,37.25 2 0
leaguies_backend/handlers/league.go:37.25,40.3 2 0
leaguies_backend/handlers/league.go:43.2,44.61 2 0
leaguies_backend/handlers/league.go:44.61,47.3 2 0
leaguies_backend/handlers/league.go:50.2,51.66 2 0
leaguies_backend/handlers/league.go:51.66,54.3 2 0
leaguies_backend/handlers/league.go:57.2,57.21 1 0
leaguies_backend/handlers/league.go:57.21,59.3 1 0
leaguies_backend/handlers/league.go:61.2,61.24 1 0
leaguies_backend/handlers/league.go:61.24,63.3 1 0
leaguies_backend/handlers/league.go:66.2,66.50 1 0
leaguies_backend/handlers/league.go:66.50,69.3 2 0
leaguies_backend/handlers/league.go:71.2,72.35 2 0
leaguies_backend/handlers/league.go:75.59,77.25 2 0
leaguies_backend/handlers/league.go:77.25,80.3 2 0
leaguies_backend/handlers/league.go:82.2,83.66 2 0
leaguies_backend/handlers/league.go:83.66,86.3 2 0
leaguies_backend/handlers/league.go:88.2,88.52 1 0
leaguies_backend/handlers/league.go:88.52,91.3 2 0
leaguies_backend/handlers/league.go:93.2,94.35 2 0
leaguies_backend/handlers/league.go:97.56,99.25 2 0
leaguies_backend/handlers/league.go:99.25,102.3 2 0
leaguies_backend/handlers/league.go:104.2,105.66 2 0
leaguies_backend/handlers/league.go:105.66,108.3 2 0
leaguies_backend/handlers/league.go:110.2,111.35 2 0
leaguies_backend/handlers/league.go:114.58,116.51 2 0
leaguies_backend/handlers/league.go:116.51,119.3 2 0
leaguies_backend/handlers/league.go:121.2,122.36 2 0
leaguies_backend/handlers/league_handler.go:26.60,30.2 1 1
leaguies_backend/handlers/league_handler.go:32.72,34.61 2 1
leaguies_backend/handlers/league_handler.go:34.61,37.3 2 0
leaguies_backend/handlers/league_handler.go:39.2,44.48 2 1
leaguies_backend/handlers/league_handler.go:44.48,47.3 2 0
leaguies_backend/handlers/league_handler.go:49.2,50.35 2 1
leaguies_backend/handlers/league_handler.go:53.72,56.25 2 0
leaguies_backend/handlers/league_handler.go:56.25,59.3 2 0
leaguies_backend/handlers/league_handler.go:62.2,63.61 2 0
leaguies_backend/handlers/league_handler.go:63.61,66.3 2 0
leaguies_backend/handlers/league_handler.go:69.2,70.66 2 0
leaguies_backend/handlers/league_handler.go:70.66,73.3 2 0
leaguies_backend/handlers/league_handler.go:76.2,76.21 1 0
leaguies_backend/handlers/league_handler.go:76.21,78.3 1 0
leaguies_backend/handlers/league_handler.go:80.2,80.24 1 0
leaguies_backend/handlers/league_handler.go:80.24,82.3 1 0
leaguies_backend/handlers/league_handler.go:85.2,85.50 1 0
leaguies_backend/handlers/league_handler.go:85.50,88.3 2 0
leaguies_backend/handlers/league_handler.go:90.2,91.35 2 0
leaguies_backend/handlers/league_handler.go:94.72,96.25 2 0
leaguies_backend/handlers/league_handler.go:96.25,99.3 2 0
leaguies_backend/handlers/league_handler.go:101.2,102.66 2 0
leaguies_backend/handlers/league_handler.go:102.66,105.3 2 0
leaguies_backend/handlers/league_handler.go:107.2,107.52 1 0
leaguies_backend/handlers/league_handler.go:107.52,110.3 2 0
leaguies_backend/handlers/league_handler.go:112.2,113.35 2 0
leaguies_backend/handlers/league_handler.go:116.73,118.25 2 0
leaguies_backend/handlers/league_handler.go:118.25,121.3 2 0
leaguies_backend/handlers/league_handler.go:123.2,124.66 2 0
leaguies_backend/handlers/league_handler.go:124.66,127.3 2 0
leaguies_backend/handlers/league_handler.go:129.2,130.35 2 0
leaguies_backend/handlers/league_handler.go:133.70,135.51 2 0
leaguies_backend/handlers/league_handler.go:135.51,138.3 2 0
leaguies_backend/handlers/league_handler.go:140.2,141.36 2 0
leaguies_backend/handlers/login.go:24.52,26.61 2 0
leaguies_backend/handlers/login.go:26.61,29.3 2 0
leaguies_backend/handlers/login.go:32.2,33.79 2 0
leaguies_backend/handlers/login.go:33.79,34.36 1 0
leaguies_backend/handlers/login.go:34.36,37.4 2 0
leaguies_backend/handlers/login.go:38.3,39.9 2 0
leaguies_backend/handlers/login.go:43.2,43.59 1 0
leaguies_backend/handlers/login.go:43.59,46.3 2 0
leaguies_backend/handlers/login.go:49.2,50.16 2 0
leaguies_backend/handlers/login.go:50.16,53.3 2 0
leaguies_backend/handlers/login.go:56.2,59.33 4 0
leaguies_backend/handlers/matches.go:37.58,39.61 2 0
leaguies_backend/handlers/matches.go:39.61,42.3 2 0
leaguies_backend/handlers/matches.go:44.2,60.51 3 0
leaguies_backend/handlers/matches.go:60.51,64.3 3 0
leaguies_backend/handlers/matches.go:66.2,67.34 2 0
leaguies_backend/handlers/matches.go:70.55,72.24 2 0
leaguies_backend/handlers/matches.go:72.24,75.3 2 0
leaguies_backend/handlers/matches.go:77.2,78.64 2 0
leaguies_backend/handlers/matches.go:78.64,81.3 2 0
leaguies_backend/handlers/matches.go:83.2,84.34 2 0
leaguies_backend/handlers/matches.go:87.58,89.51 2 0
leaguies_backend/handlers/matches.go:89.51,92.3 2 0
leaguies_backend/handlers/matches.go:94.2,95.36 2 0
leaguies_backend/handlers/matches.go:98.58,100.24 2 0
leaguies_backend/handlers/matches.go:100.24,103.3 2 0
leaguies_backend/handlers/matches.go:105.2,106.64 2 0
leaguies_backend/handlers/matches.go:106.64,109.3 2 0
leaguies_backend/handlers/matches.go:111.2,111.51 1 0
leaguies_backend/handlers/matches.go:111.51,114.3 2 0
leaguies_backend/handlers/matches.go:116.2,117.34 2 0
leaguies_backend/handlers/matches.go:120.58,123.24 2 0
leaguies_backend/handlers/matches.go:123.24,126.3 2 0
leaguies_backend/handlers/matches.go:129.2,130.61 2 0
leaguies_backend/handlers/matches.go:130.61,133.3 2 0
leaguies_backend/handlers/matches.go:136.2,137.64 2 0
leaguies_backend/handlers/matches.go:137.64,140.3 2 0
leaguies_backend/handlers/matches.go:143.2,143.21 1 0
leaguies_backend/handlers/matches.go:143.21,145.3 1 0
leaguies_backend/handlers/matches.go:148.2,148.49 1 0
leaguies_backend/handlers/matches.go:148.49,151.3 2 0
leaguies_backend/handlers/matches.go:153.2,154.34 2 0
leaguies_backend/handlers/me.go:12.49,14.9 2 0
leaguies_backend/handlers/me.go:14.9,17.3 2 0
leaguies_backend/handlers/me.go:19.2,20.74 2 0
leaguies_backend/handlers/me.go:20.74,23.3 2 0
leaguies_backend/handlers/me.go:24.2,25.33 2 0
leaguies_backend/handlers/player.go:25.56,29.16 3 0
leaguies_backend/handlers/player.go:29.16,32.3 2 0
leaguies_backend/handlers/player.go:34.2,36.77 2 0
leaguies_backend/handlers/player.go:36.77,39.3 2 0
leaguies_backend/handlers/player.go:40.2,41.35 2 0
leaguies_backend/handlers/player.go:44.58,46.51 2 0
leaguies_backend/handlers/player.go:46.51,49.3 2 0
leaguies_backend/handlers/player.go:51.2,52.36 2 0
leaguies_backend/handlers/player.go:55.59,57.61 2 0
leaguies_backend/handlers/player.go:57.61,60.3 2 0
leaguies_backend/handlers/player.go:62.2,69.52 2 0
leaguies_backend/handlers/player.go:69.52,72.3 2 0
leaguies_backend/handlers/player.go:74.2,75.35 2 0
leaguies_backend/handlers/player.go:78.59,81.25 2 0
leaguies_backend/handlers/player.go:81.25,84.3 2 0
leaguies_backend/handlers/player.go:87.2,88.61 2 0
leaguies_backend/handlers/player.go:88.61,91.3 2 0
leaguies_backend/handlers/player.go:94.2,95.66 2 0
leaguies_backend/handlers/player.go:95.66,98.3 2 0
leaguies_backend/handlers/player.go:101.2,101.25 1 0
leaguies_backend/handlers/player.go:101.25,103.3 1 0
leaguies_backend/handlers/player.go:106.2,106.50 1 0
leaguies_backend/handlers/player.go:106.50,109.3 2 0
leaguies_backend/handlers/player.go:111.2,112.35 2 0
leaguies_backend/handlers/player.go:115.59,118.25 2 0
leaguies_backend/handlers/player.go:118.25,121.3 2 0
leaguies_backend/handlers/player.go:123.2,124.66 2 0
leaguies_backend/handlers/player.go:124.66,127.3 2 0
leaguies_backend/handlers/player.go:129.2,129.52 1 0
leaguies_backend/handlers/player.go:129.52,132.3 2 0
leaguies_backend/handlers/player.go:134.2,135.35 2 0
leaguies_backend/handlers/register.go:19.55,21.64 2 0
leaguies_backend/handlers/register.go:21.64,24.6 2 0
leaguies_backend/handlers/register.go:27.5,28.90 2 0
leaguies_backend/handlers/register.go:28.90,31.6 2 0
leaguies_backend/handlers/register.go:34.5,35.19 2 0
leaguies_backend/handlers/register.go:35.19,38.6 2 0
leaguies_backend/handlers/register.go:41.5,42.28 2 0
leaguies_backend/handlers/register.go:42.28,45.89 2 0
leaguies_backend/handlers/register.go:45.89,48.10 2 0
leaguies_backend/handlers/register.go:49.9,49.43 1 0
leaguies_backend/handlers/register.go:50.11,51.86 1 0
leaguies_backend/handlers/register.go:51.86,54.10 2 0
leaguies_backend/handlers/register.go:58.5,66.53 2 0
leaguies_backend/handlers/register.go:66.53,69.6 2 0
leaguies_backend/handlers/register.go:72.5,73.32 2 0
leaguies_backend/handlers/register.go:73.32,74.34 1 0
leaguies_backend/handlers/register.go:74.34,76.18 2 0
leaguies_backend/handlers/register.go:81.5,81.22 1 0
leaguies_backend/handlers/register.go:81.22,85.59 2 0
leaguies_backend/handlers/register.go:85.59,89.10 2 0
leaguies_backend/handlers/register.go:92.5,93.92 2 0
leaguies_backend/handlers/season.go:27.59,29.61 2 0
leaguies_backend/handlers/season.go:29.61,32.3 2 0
leaguies_backend/handlers/season.go:34.2,41.52 2 0
leaguies_backend/handlers/season.go:41.52,44.3 2 0
leaguies_backend/handlers/season.go:46.2,47.35 2 0
leaguies_backend/handlers/season.go:50.59,54.55 3 0
leaguies_backend/handlers/season.go:54.55,57.3 2 0
leaguies_backend/handlers/season.go:59.2,60.61 2 0
leaguies_backend/handlers/season.go:60.61,63.3 2 0
leaguies_backend/handlers/season.go:65.2,65.21 1 0
leaguies_backend/handlers/season.go:65.21,67.3 1 0
leaguies_backend/handlers/season.go:69.2,69.25 1 0
leaguies_backend/handlers/season.go:69.25,71.3 1 0
leaguies_backend/handlers/season.go:73.2,73.26 1 0
leaguies_backend/handlers/season.go:73.26,75.3 1 0
leaguies_backend/handlers/season.go:77.2,77.24 1 0
leaguies_backend/handlers/season.go:77.24,79.3 1 0
leaguies_backend/handlers/season.go:81.2,81.50 1 0
leaguies_backend/handlers/season.go:81.50,84.3 2 0
leaguies_backend/handlers/season.go:86.2,87.35 2 0
leaguies_backend/handlers/season.go:90.59,92.25 2 0
leaguies_backend/handlers/season.go:92.25,95.3 2 0
leaguies_backend/handlers/season.go:98.2,98.75 1 0
leaguies_backend/handlers/season.go:98.75,101.3 2 0
leaguies_backend/handlers/season.go:103.2,103.30 1 0
leaguies_backend/handlers/season.go:106.56,108.25 2 0
leaguies_backend/handlers/season.go:108.25,111.3 2 0
leaguies_backend/handlers/season.go:113.2,114.66 2 0
leaguies_backend/handlers/season.go:114.66,117.3 2 0
leaguies_backend/handlers/season.go:119.2,120.35 2 0
leaguies_backend/handlers/season.go:123.57,125.51 2 0
leaguies_backend/handlers/season.go:125.51,128.3 2 0
leaguies_backend/handlers/season.go:130.2,131.36 2 0
leaguies_backend/handlers/team.go:22.57,24.61 2 0
leaguies_backend/handlers/team.go:24.61,27.3 2 0
leaguies_backend/handlers/team.go:29.2,34.50 2 0
leaguies_backend/handlers/team.go:34.50,37.3 2 0
leaguies_backend/handlers/team.go:39.2,40.33 2 0
leaguies_backend/handlers/team.go:43.57,47.53 3 0
leaguies_backend/handlers/team.go:47.53,50.3 2 0
leaguies_backend/handlers/team.go:52.2,53.61 2 0
leaguies_backend/handlers/team.go:53.61,56.3 2 0
leaguies_backend/handlers/team.go:58.2,58.21 1 0
leaguies_backend/handlers/team.go:58.21,60.3 1 0
leaguies_backend/handlers/team.go:62.2,64.48 2 0
leaguies_backend/handlers/team.go:64.48,67.3 2 0
leaguies_backend/handlers/team.go:69.2,70.33 2 0
leaguies_backend/handlers/team.go:73.57,75.63 2 0
leaguies_backend/handlers/team.go:75.63,78.3 2 0
leaguies_backend/handlers/team.go:80.2,80.30 1 0
leaguies_backend/handlers/team.go:83.54,86.53 3 0
leaguies_backend/handlers/team.go:86.53,89.3 2 0
leaguies_backend/handlers/team.go:90.2,91.33 2 0
leaguies_backend/handlers/team.go:94.56,96.49 2 0
leaguies_backend/handlers/team.go:96.49,99.3 2 0
leaguies_backend/handlers/team.go:101.2,102.34 2 0
